INFO: [VRFC 10-2263] Analyzing Verilog file "/home/steven/Desktop/vivado/HW7_DMA/DMA/DMA.srcs/sources_1/imports/sources_1/imports/srcs/Register.v" into library xil_defaultlib
INFO: [VRFC 10-311] analyzing module Register
WARNING: [VRFC 10-1315] redeclaration of ansi port out is not allowed [/home/steven/Desktop/vivado/HW7_DMA/DMA/DMA.srcs/sources_1/imports/sources_1/imports/srcs/Register.v:31]
WARNING: [VRFC 10-986] literal value truncated to fit in 2 bits [/home/steven/Desktop/vivado/HW7_DMA/DMA/DMA.srcs/sources_1/imports/sources_1/imports/srcs/Register.v:35]
INFO: [VRFC 10-2263] Analyzing Verilog file "/home/steven/Desktop/vivado/HW7_DMA/DMA/DMA.srcs/sources_1/imports/sources_1/imports/srcs/ALU.v" into library xil_defaultlib
INFO: [VRFC 10-311] analyzing module ALU
WARNING: [VRFC 10-1315] redeclaration of ansi port C is not allowed [/home/steven/Desktop/vivado/HW7_DMA/DMA/DMA.srcs/sources_1/imports/sources_1/imports/srcs/ALU.v:11]
WARNING: [VRFC 10-1315] redeclaration of ansi port Cout is not allowed [/home/steven/Desktop/vivado/HW7_DMA/DMA/DMA.srcs/sources_1/imports/sources_1/imports/srcs/ALU.v:12]
INFO: [VRFC 10-2263] Analyzing Verilog file "/home/steven/Desktop/vivado/HW7_DMA/DMA/DMA.srcs/sources_1/imports/sources_1/imports/srcs/RegisterFile.v" into library xil_defaultlib
INFO: [VRFC 10-311] analyzing module RegisterFile
WARNING: [VRFC 10-1315] redeclaration of ansi port data1 is not allowed [/home/steven/Desktop/vivado/HW7_DMA/DMA/DMA.srcs/sources_1/imports/sources_1/imports/srcs/RegisterFile.v:61]
WARNING: [VRFC 10-1315] redeclaration of ansi port data2 is not allowed [/home/steven/Desktop/vivado/HW7_DMA/DMA/DMA.srcs/sources_1/imports/sources_1/imports/srcs/RegisterFile.v:62]
WARNING: [VRFC 10-1315] redeclaration of ansi port out0 is not allowed [/home/steven/Desktop/vivado/HW7_DMA/DMA/DMA.srcs/sources_1/imports/sources_1/imports/srcs/RegisterFile.v:70]
WARNING: [VRFC 10-1315] redeclaration of ansi port out1 is not allowed [/home/steven/Desktop/vivado/HW7_DMA/DMA/DMA.srcs/sources_1/imports/sources_1/imports/srcs/RegisterFile.v:71]
WARNING: [VRFC 10-1315] redeclaration of ansi port out2 is not allowed [/home/steven/Desktop/vivado/HW7_DMA/DMA/DMA.srcs/sources_1/imports/sources_1/imports/srcs/RegisterFile.v:72]
WARNING: [VRFC 10-1315] redeclaration of ansi port out3 is not allowed [/home/steven/Desktop/vivado/HW7_DMA/DMA/DMA.srcs/sources_1/imports/sources_1/imports/srcs/RegisterFile.v:73]
INFO: [VRFC 10-2263] Analyzing Verilog file "/home/steven/Desktop/vivado/HW7_DMA/DMA/DMA.srcs/sources_1/imports/sources_1/imports/srcs/latches.v" into library xil_defaultlib
INFO: [VRFC 10-311] analyzing module latch
WARNING: [VRFC 10-1315] redeclaration of ansi port out is not allowed [/home/steven/Desktop/vivado/HW7_DMA/DMA/DMA.srcs/sources_1/imports/sources_1/imports/srcs/latches.v:17]
INFO: [VRFC 10-311] analyzing module latch2
WARNING: [VRFC 10-1315] redeclaration of ansi port out is not allowed [/home/steven/Desktop/vivado/HW7_DMA/DMA/DMA.srcs/sources_1/imports/sources_1/imports/srcs/latches.v:42]
INFO: [VRFC 10-311] analyzing module latch1
WARNING: [VRFC 10-1315] redeclaration of ansi port out is not allowed [/home/steven/Desktop/vivado/HW7_DMA/DMA/DMA.srcs/sources_1/imports/sources_1/imports/srcs/latches.v:68]
INFO: [VRFC 10-311] analyzing module latch4
WARNING: [VRFC 10-1315] redeclaration of ansi port out is not allowed [/home/steven/Desktop/vivado/HW7_DMA/DMA/DMA.srcs/sources_1/imports/sources_1/imports/srcs/latches.v:92]
INFO: [VRFC 10-311] analyzing module IFID
INFO: [VRFC 10-311] analyzing module IDEX
INFO: [VRFC 10-311] analyzing module EXMEM
INFO: [VRFC 10-311] analyzing module MEMWB
INFO: [VRFC 10-2263] Analyzing Verilog file "/home/steven/Desktop/vivado/HW7_DMA/DMA/DMA.srcs/sources_1/imports/sources_1/imports/srcs/modules.v" into library xil_defaultlib
INFO: [VRFC 10-311] analyzing module signExtension
WARNING: [VRFC 10-1315] redeclaration of ansi port out is not allowed [/home/steven/Desktop/vivado/HW7_DMA/DMA/DMA.srcs/sources_1/imports/sources_1/imports/srcs/modules.v:13]
INFO: [VRFC 10-311] analyzing module forward
WARNING: [VRFC 10-1315] redeclaration of ansi port ALUsrc1 is not allowed [/home/steven/Desktop/vivado/HW7_DMA/DMA/DMA.srcs/sources_1/imports/sources_1/imports/srcs/modules.v:43]
WARNING: [VRFC 10-1315] redeclaration of ansi port ALUsrc2 is not allowed [/home/steven/Desktop/vivado/HW7_DMA/DMA/DMA.srcs/sources_1/imports/sources_1/imports/srcs/modules.v:44]
INFO: [VRFC 10-311] analyzing module stalling
WARNING: [VRFC 10-1315] redeclaration of ansi port isStalled is not allowed [/home/steven/Desktop/vivado/HW7_DMA/DMA/DMA.srcs/sources_1/imports/sources_1/imports/srcs/modules.v:96]
INFO: [VRFC 10-311] analyzing module flushing
WARNING: [VRFC 10-1315] redeclaration of ansi port IFID_Flush is not allowed [/home/steven/Desktop/vivado/HW7_DMA/DMA/DMA.srcs/sources_1/imports/sources_1/imports/srcs/modules.v:158]
WARNING: [VRFC 10-1315] redeclaration of ansi port IDEX_Flush is not allowed [/home/steven/Desktop/vivado/HW7_DMA/DMA/DMA.srcs/sources_1/imports/sources_1/imports/srcs/modules.v:159]
WARNING: [VRFC 10-1315] redeclaration of ansi port PCsrc is not allowed [/home/steven/Desktop/vivado/HW7_DMA/DMA/DMA.srcs/sources_1/imports/sources_1/imports/srcs/modules.v:160]
INFO: [VRFC 10-311] analyzing module targetAddress
WARNING: [VRFC 10-1315] redeclaration of ansi port jumpAddr is not allowed [/home/steven/Desktop/vivado/HW7_DMA/DMA/DMA.srcs/sources_1/imports/sources_1/imports/srcs/modules.v:223]
WARNING: [VRFC 10-1315] redeclaration of ansi port jumpRAddr is not allowed [/home/steven/Desktop/vivado/HW7_DMA/DMA/DMA.srcs/sources_1/imports/sources_1/imports/srcs/modules.v:224]
WARNING: [VRFC 10-1315] redeclaration of ansi port branchAddr is not allowed [/home/steven/Desktop/vivado/HW7_DMA/DMA/DMA.srcs/sources_1/imports/sources_1/imports/srcs/modules.v:225]
INFO: [VRFC 10-311] analyzing module halt
WARNING: [VRFC 10-1315] redeclaration of ansi port is_halted is not allowed [/home/steven/Desktop/vivado/HW7_DMA/DMA/DMA.srcs/sources_1/imports/sources_1/imports/srcs/modules.v:267]
INFO: [VRFC 10-2263] Analyzing Verilog file "/home/steven/Desktop/vivado/HW7_DMA/DMA/DMA.srcs/sources_1/imports/sources_1/new/cache.v" into library xil_defaultlib
INFO: [VRFC 10-311] analyzing module cacheLine
WARNING: [VRFC 10-1315] redeclaration of ansi port wWrite is not allowed [/home/steven/Desktop/vivado/HW7_DMA/DMA/DMA.srcs/sources_1/imports/sources_1/new/cache.v:26]
WARNING: [VRFC 10-1315] redeclaration of ansi port valid is not allowed [/home/steven/Desktop/vivado/HW7_DMA/DMA/DMA.srcs/sources_1/imports/sources_1/new/cache.v:28]
WARNING: [VRFC 10-1315] redeclaration of ansi port tag is not allowed [/home/steven/Desktop/vivado/HW7_DMA/DMA/DMA.srcs/sources_1/imports/sources_1/new/cache.v:29]
WARNING: [VRFC 10-1315] redeclaration of ansi port data is not allowed [/home/steven/Desktop/vivado/HW7_DMA/DMA/DMA.srcs/sources_1/imports/sources_1/new/cache.v:30]
INFO: [VRFC 10-311] analyzing module Dcache
WARNING: [VRFC 10-1315] redeclaration of ansi port stall_all is not allowed [/home/steven/Desktop/vivado/HW7_DMA/DMA/DMA.srcs/sources_1/imports/sources_1/new/cache.v:97]
WARNING: [VRFC 10-1315] redeclaration of ansi port hit is not allowed [/home/steven/Desktop/vivado/HW7_DMA/DMA/DMA.srcs/sources_1/imports/sources_1/new/cache.v:101]
WARNING: [VRFC 10-1315] redeclaration of ansi port miss is not allowed [/home/steven/Desktop/vivado/HW7_DMA/DMA/DMA.srcs/sources_1/imports/sources_1/new/cache.v:102]
WARNING: [VRFC 10-1315] redeclaration of ansi port readyC is not allowed [/home/steven/Desktop/vivado/HW7_DMA/DMA/DMA.srcs/sources_1/imports/sources_1/new/cache.v:173]
WARNING: [VRFC 10-1315] redeclaration of ansi port dataC is not allowed [/home/steven/Desktop/vivado/HW7_DMA/DMA/DMA.srcs/sources_1/imports/sources_1/new/cache.v:176]
WARNING: [VRFC 10-1315] redeclaration of ansi port readM is not allowed [/home/steven/Desktop/vivado/HW7_DMA/DMA/DMA.srcs/sources_1/imports/sources_1/new/cache.v:187]
WARNING: [VRFC 10-1315] redeclaration of ansi port writeM is not allowed [/home/steven/Desktop/vivado/HW7_DMA/DMA/DMA.srcs/sources_1/imports/sources_1/new/cache.v:190]
WARNING: [VRFC 10-1315] redeclaration of ansi port addrM is not allowed [/home/steven/Desktop/vivado/HW7_DMA/DMA/DMA.srcs/sources_1/imports/sources_1/new/cache.v:193]
WARNING: [VRFC 10-1315] redeclaration of ansi port dataM is not allowed [/home/steven/Desktop/vivado/HW7_DMA/DMA/DMA.srcs/sources_1/imports/sources_1/new/cache.v:196]
INFO: [VRFC 10-311] analyzing module Icache
WARNING: [VRFC 10-1315] redeclaration of ansi port hit is not allowed [/home/steven/Desktop/vivado/HW7_DMA/DMA/DMA.srcs/sources_1/imports/sources_1/new/cache.v:433]
WARNING: [VRFC 10-1315] redeclaration of ansi port miss is not allowed [/home/steven/Desktop/vivado/HW7_DMA/DMA/DMA.srcs/sources_1/imports/sources_1/new/cache.v:434]
WARNING: [VRFC 10-1315] redeclaration of ansi port readyC is not allowed [/home/steven/Desktop/vivado/HW7_DMA/DMA/DMA.srcs/sources_1/imports/sources_1/new/cache.v:486]
WARNING: [VRFC 10-1315] redeclaration of ansi port dataC is not allowed [/home/steven/Desktop/vivado/HW7_DMA/DMA/DMA.srcs/sources_1/imports/sources_1/new/cache.v:489]
WARNING: [VRFC 10-1315] redeclaration of ansi port readM is not allowed [/home/steven/Desktop/vivado/HW7_DMA/DMA/DMA.srcs/sources_1/imports/sources_1/new/cache.v:495]
WARNING: [VRFC 10-1315] redeclaration of ansi port addrM is not allowed [/home/steven/Desktop/vivado/HW7_DMA/DMA/DMA.srcs/sources_1/imports/sources_1/new/cache.v:498]
INFO: [VRFC 10-2263] Analyzing Verilog file "/home/steven/Desktop/vivado/HW7_DMA/DMA/DMA.srcs/sources_1/imports/sources_1/imports/srcs/datapath.v" into library xil_defaultlib
INFO: [VRFC 10-311] analyzing module datapath
WARNING: [VRFC 10-1315] redeclaration of ansi port inst is not allowed [/home/steven/Desktop/vivado/HW7_DMA/DMA/DMA.srcs/sources_1/imports/sources_1/imports/srcs/datapath.v:78]
WARNING: [VRFC 10-1315] redeclaration of ansi port to_output_port is not allowed [/home/steven/Desktop/vivado/HW7_DMA/DMA/DMA.srcs/sources_1/imports/sources_1/imports/srcs/datapath.v:79]
WARNING: [VRFC 10-1315] redeclaration of ansi port is_halted is not allowed [/home/steven/Desktop/vivado/HW7_DMA/DMA/DMA.srcs/sources_1/imports/sources_1/imports/srcs/datapath.v:80]
WARNING: [VRFC 10-1315] redeclaration of ansi port isStalled is not allowed [/home/steven/Desktop/vivado/HW7_DMA/DMA/DMA.srcs/sources_1/imports/sources_1/imports/srcs/datapath.v:83]
WARNING: [VRFC 10-1315] redeclaration of ansi port IFID_Flush is not allowed [/home/steven/Desktop/vivado/HW7_DMA/DMA/DMA.srcs/sources_1/imports/sources_1/imports/srcs/datapath.v:84]
WARNING: [VRFC 10-1315] redeclaration of ansi port IDEX_Flush is not allowed [/home/steven/Desktop/vivado/HW7_DMA/DMA/DMA.srcs/sources_1/imports/sources_1/imports/srcs/datapath.v:85]
WARNING: [VRFC 10-1315] redeclaration of ansi port EX_inst is not allowed [/home/steven/Desktop/vivado/HW7_DMA/DMA/DMA.srcs/sources_1/imports/sources_1/imports/srcs/datapath.v:87]
WARNING: [VRFC 10-1315] redeclaration of ansi port PC_enable is not allowed [/home/steven/Desktop/vivado/HW7_DMA/DMA/DMA.srcs/sources_1/imports/sources_1/imports/srcs/datapath.v:90]
WARNING: [VRFC 10-1315] redeclaration of ansi port IDEX_enable is not allowed [/home/steven/Desktop/vivado/HW7_DMA/DMA/DMA.srcs/sources_1/imports/sources_1/imports/srcs/datapath.v:92]
WARNING: [VRFC 10-1315] redeclaration of ansi port out1 is not allowed [/home/steven/Desktop/vivado/HW7_DMA/DMA/DMA.srcs/sources_1/imports/sources_1/imports/srcs/datapath.v:120]
WARNING: [VRFC 10-1315] redeclaration of ansi port out2 is not allowed [/home/steven/Desktop/vivado/HW7_DMA/DMA/DMA.srcs/sources_1/imports/sources_1/imports/srcs/datapath.v:121]
WARNING: [VRFC 10-1315] redeclaration of ansi port out3 is not allowed [/home/steven/Desktop/vivado/HW7_DMA/DMA/DMA.srcs/sources_1/imports/sources_1/imports/srcs/datapath.v:122]
WARNING: [VRFC 10-1315] redeclaration of ansi port out0 is not allowed [/home/steven/Desktop/vivado/HW7_DMA/DMA/DMA.srcs/sources_1/imports/sources_1/imports/srcs/datapath.v:123]
WARNING: [VRFC 10-1315] redeclaration of ansi port IFID_inst_in is not allowed [/home/steven/Desktop/vivado/HW7_DMA/DMA/DMA.srcs/sources_1/imports/sources_1/imports/srcs/datapath.v:135]
WARNING: [VRFC 10-1315] redeclaration of ansi port IFID_inst_out is not allowed [/home/steven/Desktop/vivado/HW7_DMA/DMA/DMA.srcs/sources_1/imports/sources_1/imports/srcs/datapath.v:141]
WARNING: [VRFC 10-1315] redeclaration of ansi port RF_val1 is not allowed [/home/steven/Desktop/vivado/HW7_DMA/DMA/DMA.srcs/sources_1/imports/sources_1/imports/srcs/datapath.v:147]
WARNING: [VRFC 10-1315] redeclaration of ansi port RF_val2 is not allowed [/home/steven/Desktop/vivado/HW7_DMA/DMA/DMA.srcs/sources_1/imports/sources_1/imports/srcs/datapath.v:148]
WARNING: [VRFC 10-1315] redeclaration of ansi port ALU_in1 is not allowed [/home/steven/Desktop/vivado/HW7_DMA/DMA/DMA.srcs/sources_1/imports/sources_1/imports/srcs/datapath.v:171]
WARNING: [VRFC 10-1315] redeclaration of ansi port ALU_out is not allowed [/home/steven/Desktop/vivado/HW7_DMA/DMA/DMA.srcs/sources_1/imports/sources_1/imports/srcs/datapath.v:173]
WARNING: [VRFC 10-1315] redeclaration of ansi port ALUsrc1 is not allowed [/home/steven/Desktop/vivado/HW7_DMA/DMA/DMA.srcs/sources_1/imports/sources_1/imports/srcs/datapath.v:231]
WARNING: [VRFC 10-1315] redeclaration of ansi port i_readM is not allowed [/home/steven/Desktop/vivado/HW7_DMA/DMA/DMA.srcs/sources_1/imports/sources_1/imports/srcs/datapath.v:326]
WARNING: [VRFC 10-1315] redeclaration of ansi port i_writeM is not allowed [/home/steven/Desktop/vivado/HW7_DMA/DMA/DMA.srcs/sources_1/imports/sources_1/imports/srcs/datapath.v:327]
WARNING: [VRFC 10-1315] redeclaration of ansi port i_address is not allowed [/home/steven/Desktop/vivado/HW7_DMA/DMA/DMA.srcs/sources_1/imports/sources_1/imports/srcs/datapath.v:328]
WARNING: [VRFC 10-1315] redeclaration of ansi port i_data is not allowed [/home/steven/Desktop/vivado/HW7_DMA/DMA/DMA.srcs/sources_1/imports/sources_1/imports/srcs/datapath.v:329]
WARNING: [VRFC 10-1315] redeclaration of ansi port d_readM is not allowed [/home/steven/Desktop/vivado/HW7_DMA/DMA/DMA.srcs/sources_1/imports/sources_1/imports/srcs/datapath.v:341]
WARNING: [VRFC 10-1315] redeclaration of ansi port d_writeM is not allowed [/home/steven/Desktop/vivado/HW7_DMA/DMA/DMA.srcs/sources_1/imports/sources_1/imports/srcs/datapath.v:342]
WARNING: [VRFC 10-1315] redeclaration of ansi port d_address is not allowed [/home/steven/Desktop/vivado/HW7_DMA/DMA/DMA.srcs/sources_1/imports/sources_1/imports/srcs/datapath.v:343]
WARNING: [VRFC 10-1315] redeclaration of ansi port d_data is not allowed [/home/steven/Desktop/vivado/HW7_DMA/DMA/DMA.srcs/sources_1/imports/sources_1/imports/srcs/datapath.v:344]
INFO: [VRFC 10-2263] Analyzing Verilog file "/home/steven/Desktop/vivado/HW7_DMA/DMA/DMA.srcs/sources_1/imports/sources_1/imports/srcs/control.v" into library xil_defaultlib
INFO: [VRFC 10-311] analyzing module control
WARNING: [VRFC 10-1315] redeclaration of ansi port ALUsrc is not allowed [/home/steven/Desktop/vivado/HW7_DMA/DMA/DMA.srcs/sources_1/imports/sources_1/imports/srcs/control.v:31]
WARNING: [VRFC 10-1315] redeclaration of ansi port RegDist is not allowed [/home/steven/Desktop/vivado/HW7_DMA/DMA/DMA.srcs/sources_1/imports/sources_1/imports/srcs/control.v:32]
WARNING: [VRFC 10-1315] redeclaration of ansi port MemWrite is not allowed [/home/steven/Desktop/vivado/HW7_DMA/DMA/DMA.srcs/sources_1/imports/sources_1/imports/srcs/control.v:33]
WARNING: [VRFC 10-1315] redeclaration of ansi port MemRead is not allowed [/home/steven/Desktop/vivado/HW7_DMA/DMA/DMA.srcs/sources_1/imports/sources_1/imports/srcs/control.v:34]
WARNING: [VRFC 10-1315] redeclaration of ansi port MemtoReg is not allowed [/home/steven/Desktop/vivado/HW7_DMA/DMA/DMA.srcs/sources_1/imports/sources_1/imports/srcs/control.v:35]
WARNING: [VRFC 10-1315] redeclaration of ansi port RegWrite is not allowed [/home/steven/Desktop/vivado/HW7_DMA/DMA/DMA.srcs/sources_1/imports/sources_1/imports/srcs/control.v:36]
WARNING: [VRFC 10-1315] redeclaration of ansi port Alucode is not allowed [/home/steven/Desktop/vivado/HW7_DMA/DMA/DMA.srcs/sources_1/imports/sources_1/imports/srcs/control.v:37]
WARNING: [VRFC 10-1315] redeclaration of ansi port Jump is not allowed [/home/steven/Desktop/vivado/HW7_DMA/DMA/DMA.srcs/sources_1/imports/sources_1/imports/srcs/control.v:38]
WARNING: [VRFC 10-1315] redeclaration of ansi port JumpR is not allowed [/home/steven/Desktop/vivado/HW7_DMA/DMA/DMA.srcs/sources_1/imports/sources_1/imports/srcs/control.v:39]
WARNING: [VRFC 10-1315] redeclaration of ansi port Branch is not allowed [/home/steven/Desktop/vivado/HW7_DMA/DMA/DMA.srcs/sources_1/imports/sources_1/imports/srcs/control.v:40]
WARNING: [VRFC 10-1315] redeclaration of ansi port Halt is not allowed [/home/steven/Desktop/vivado/HW7_DMA/DMA/DMA.srcs/sources_1/imports/sources_1/imports/srcs/control.v:41]
WARNING: [VRFC 10-1315] redeclaration of ansi port isFetched is not allowed [/home/steven/Desktop/vivado/HW7_DMA/DMA/DMA.srcs/sources_1/imports/sources_1/imports/srcs/control.v:43]
WARNING: [VRFC 10-1315] redeclaration of ansi port WWD is not allowed [/home/steven/Desktop/vivado/HW7_DMA/DMA/DMA.srcs/sources_1/imports/sources_1/imports/srcs/control.v:44]
INFO: [VRFC 10-2263] Analyzing Verilog file "/home/steven/Desktop/vivado/HW7_DMA/DMA/DMA.srcs/sources_1/imports/sources_1/imports/srcs/memory.v" into library xil_defaultlib
INFO: [VRFC 10-311] analyzing module Memory
INFO: [VRFC 10-2263] Analyzing Verilog file "/home/steven/Desktop/vivado/HW7_DMA/DMA/DMA.srcs/sources_1/imports/HW7/external_device.v" into library xil_defaultlib
INFO: [VRFC 10-311] analyzing module external_device
INFO: [VRFC 10-2263] Analyzing Verilog file "/home/steven/Desktop/vivado/HW7_DMA/DMA/DMA.srcs/sources_1/imports/HW7/DMA.v" into library xil_defaultlib
INFO: [VRFC 10-311] analyzing module DMA
WARNING: [VRFC 10-1315] redeclaration of ansi port data is not allowed [/home/steven/Desktop/vivado/HW7_DMA/DMA/DMA.srcs/sources_1/imports/HW7/DMA.v:30]
WARNING: [VRFC 10-1315] redeclaration of ansi port addr is not allowed [/home/steven/Desktop/vivado/HW7_DMA/DMA/DMA.srcs/sources_1/imports/HW7/DMA.v:33]
WARNING: [VRFC 10-1315] redeclaration of ansi port WRITE is not allowed [/home/steven/Desktop/vivado/HW7_DMA/DMA/DMA.srcs/sources_1/imports/HW7/DMA.v:36]
WARNING: [VRFC 10-1315] redeclaration of ansi port BR is not allowed [/home/steven/Desktop/vivado/HW7_DMA/DMA/DMA.srcs/sources_1/imports/HW7/DMA.v:39]
WARNING: [VRFC 10-1315] redeclaration of ansi port interrupt is not allowed [/home/steven/Desktop/vivado/HW7_DMA/DMA/DMA.srcs/sources_1/imports/HW7/DMA.v:42]
WARNING: [VRFC 10-1315] redeclaration of ansi port addr is not allowed [/home/steven/Desktop/vivado/HW7_DMA/DMA/DMA.srcs/sources_1/imports/HW7/DMA.v:52]
WARNING: [VRFC 10-1315] redeclaration of ansi port offset is not allowed [/home/steven/Desktop/vivado/HW7_DMA/DMA/DMA.srcs/sources_1/imports/HW7/DMA.v:54]
INFO: [VRFC 10-2263] Analyzing Verilog file "/home/steven/Desktop/vivado/HW7_DMA/DMA/DMA.srcs/sources_1/imports/sources_1/imports/srcs/cpu.v" into library xil_defaultlib
INFO: [VRFC 10-311] analyzing module cpu
WARNING: [VRFC 10-1315] redeclaration of ansi port i_hit is not allowed [/home/steven/Desktop/vivado/HW7_DMA/DMA/DMA.srcs/sources_1/imports/sources_1/imports/srcs/cpu.v:101]
WARNING: [VRFC 10-1315] redeclaration of ansi port i_miss is not allowed [/home/steven/Desktop/vivado/HW7_DMA/DMA/DMA.srcs/sources_1/imports/sources_1/imports/srcs/cpu.v:102]
WARNING: [VRFC 10-1315] redeclaration of ansi port d_hit is not allowed [/home/steven/Desktop/vivado/HW7_DMA/DMA/DMA.srcs/sources_1/imports/sources_1/imports/srcs/cpu.v:104]
WARNING: [VRFC 10-1315] redeclaration of ansi port d_miss is not allowed [/home/steven/Desktop/vivado/HW7_DMA/DMA/DMA.srcs/sources_1/imports/sources_1/imports/srcs/cpu.v:105]
WARNING: [VRFC 10-1315] redeclaration of ansi port i_readM is not allowed [/home/steven/Desktop/vivado/HW7_DMA/DMA/DMA.srcs/sources_1/imports/sources_1/imports/srcs/cpu.v:110]
WARNING: [VRFC 10-1315] redeclaration of ansi port i_writeM is not allowed [/home/steven/Desktop/vivado/HW7_DMA/DMA/DMA.srcs/sources_1/imports/sources_1/imports/srcs/cpu.v:111]
WARNING: [VRFC 10-1315] redeclaration of ansi port i_addrM is not allowed [/home/steven/Desktop/vivado/HW7_DMA/DMA/DMA.srcs/sources_1/imports/sources_1/imports/srcs/cpu.v:112]
WARNING: [VRFC 10-1315] redeclaration of ansi port i_dataM is not allowed [/home/steven/Desktop/vivado/HW7_DMA/DMA/DMA.srcs/sources_1/imports/sources_1/imports/srcs/cpu.v:113]
WARNING: [VRFC 10-1315] redeclaration of ansi port i_readC is not allowed [/home/steven/Desktop/vivado/HW7_DMA/DMA/DMA.srcs/sources_1/imports/sources_1/imports/srcs/cpu.v:115]
WARNING: [VRFC 10-1315] redeclaration of ansi port i_addrC is not allowed [/home/steven/Desktop/vivado/HW7_DMA/DMA/DMA.srcs/sources_1/imports/sources_1/imports/srcs/cpu.v:116]
WARNING: [VRFC 10-1315] redeclaration of ansi port i_readyC is not allowed [/home/steven/Desktop/vivado/HW7_DMA/DMA/DMA.srcs/sources_1/imports/sources_1/imports/srcs/cpu.v:117]
WARNING: [VRFC 10-1315] redeclaration of ansi port i_dataC is not allowed [/home/steven/Desktop/vivado/HW7_DMA/DMA/DMA.srcs/sources_1/imports/sources_1/imports/srcs/cpu.v:118]
WARNING: [VRFC 10-1315] redeclaration of ansi port d_readM is not allowed [/home/steven/Desktop/vivado/HW7_DMA/DMA/DMA.srcs/sources_1/imports/sources_1/imports/srcs/cpu.v:145]
WARNING: [VRFC 10-1315] redeclaration of ansi port d_writeM is not allowed [/home/steven/Desktop/vivado/HW7_DMA/DMA/DMA.srcs/sources_1/imports/sources_1/imports/srcs/cpu.v:146]
WARNING: [VRFC 10-1315] redeclaration of ansi port d_addrM is not allowed [/home/steven/Desktop/vivado/HW7_DMA/DMA/DMA.srcs/sources_1/imports/sources_1/imports/srcs/cpu.v:147]
WARNING: [VRFC 10-1315] redeclaration of ansi port d_dataM is not allowed [/home/steven/Desktop/vivado/HW7_DMA/DMA/DMA.srcs/sources_1/imports/sources_1/imports/srcs/cpu.v:148]
WARNING: [VRFC 10-1315] redeclaration of ansi port d_readC is not allowed [/home/steven/Desktop/vivado/HW7_DMA/DMA/DMA.srcs/sources_1/imports/sources_1/imports/srcs/cpu.v:150]
WARNING: [VRFC 10-1315] redeclaration of ansi port d_writeC is not allowed [/home/steven/Desktop/vivado/HW7_DMA/DMA/DMA.srcs/sources_1/imports/sources_1/imports/srcs/cpu.v:151]
WARNING: [VRFC 10-1315] redeclaration of ansi port d_addrC is not allowed [/home/steven/Desktop/vivado/HW7_DMA/DMA/DMA.srcs/sources_1/imports/sources_1/imports/srcs/cpu.v:152]
WARNING: [VRFC 10-1315] redeclaration of ansi port d_readyC is not allowed [/home/steven/Desktop/vivado/HW7_DMA/DMA/DMA.srcs/sources_1/imports/sources_1/imports/srcs/cpu.v:153]
WARNING: [VRFC 10-1315] redeclaration of ansi port d_dataC is not allowed [/home/steven/Desktop/vivado/HW7_DMA/DMA/DMA.srcs/sources_1/imports/sources_1/imports/srcs/cpu.v:154]
WARNING: [VRFC 10-1315] redeclaration of ansi port to_num_inst is not allowed [/home/steven/Desktop/vivado/HW7_DMA/DMA/DMA.srcs/sources_1/imports/sources_1/imports/srcs/cpu.v:192]
WARNING: [VRFC 10-1315] redeclaration of ansi port num_inst is not allowed [/home/steven/Desktop/vivado/HW7_DMA/DMA/DMA.srcs/sources_1/imports/sources_1/imports/srcs/cpu.v:193]
WARNING: [VRFC 10-1315] redeclaration of ansi port output_port is not allowed [/home/steven/Desktop/vivado/HW7_DMA/DMA/DMA.srcs/sources_1/imports/sources_1/imports/srcs/cpu.v:196]
WARNING: [VRFC 10-1315] redeclaration of ansi port ALU_in1 is not allowed [/home/steven/Desktop/vivado/HW7_DMA/DMA/DMA.srcs/sources_1/imports/sources_1/imports/srcs/cpu.v:218]
WARNING: [VRFC 10-1315] redeclaration of ansi port RF_val1 is not allowed [/home/steven/Desktop/vivado/HW7_DMA/DMA/DMA.srcs/sources_1/imports/sources_1/imports/srcs/cpu.v:219]
WARNING: [VRFC 10-1315] redeclaration of ansi port RF_val2 is not allowed [/home/steven/Desktop/vivado/HW7_DMA/DMA/DMA.srcs/sources_1/imports/sources_1/imports/srcs/cpu.v:220]
WARNING: [VRFC 10-1315] redeclaration of ansi port out1 is not allowed [/home/steven/Desktop/vivado/HW7_DMA/DMA/DMA.srcs/sources_1/imports/sources_1/imports/srcs/cpu.v:222]
WARNING: [VRFC 10-1315] redeclaration of ansi port out2 is not allowed [/home/steven/Desktop/vivado/HW7_DMA/DMA/DMA.srcs/sources_1/imports/sources_1/imports/srcs/cpu.v:223]
WARNING: [VRFC 10-1315] redeclaration of ansi port out3 is not allowed [/home/steven/Desktop/vivado/HW7_DMA/DMA/DMA.srcs/sources_1/imports/sources_1/imports/srcs/cpu.v:224]
WARNING: [VRFC 10-1315] redeclaration of ansi port out0 is not allowed [/home/steven/Desktop/vivado/HW7_DMA/DMA/DMA.srcs/sources_1/imports/sources_1/imports/srcs/cpu.v:225]
WARNING: [VRFC 10-1315] redeclaration of ansi port EX_isFetched is not allowed [/home/steven/Desktop/vivado/HW7_DMA/DMA/DMA.srcs/sources_1/imports/sources_1/imports/srcs/cpu.v:229]
WARNING: [VRFC 10-1315] redeclaration of ansi port ID_WWD is not allowed [/home/steven/Desktop/vivado/HW7_DMA/DMA/DMA.srcs/sources_1/imports/sources_1/imports/srcs/cpu.v:230]
WARNING: [VRFC 10-1315] redeclaration of ansi port EX_WWD is not allowed [/home/steven/Desktop/vivado/HW7_DMA/DMA/DMA.srcs/sources_1/imports/sources_1/imports/srcs/cpu.v:231]
WARNING: [VRFC 10-1315] redeclaration of ansi port IFID_Flush is not allowed [/home/steven/Desktop/vivado/HW7_DMA/DMA/DMA.srcs/sources_1/imports/sources_1/imports/srcs/cpu.v:233]
WARNING: [VRFC 10-1315] redeclaration of ansi port IDEX_Flush is not allowed [/home/steven/Desktop/vivado/HW7_DMA/DMA/DMA.srcs/sources_1/imports/sources_1/imports/srcs/cpu.v:234]
WARNING: [VRFC 10-1315] redeclaration of ansi port IDEX_enable is not allowed [/home/steven/Desktop/vivado/HW7_DMA/DMA/DMA.srcs/sources_1/imports/sources_1/imports/srcs/cpu.v:236]
WARNING: [VRFC 10-1315] redeclaration of ansi port stall_all is not allowed [/home/steven/Desktop/vivado/HW7_DMA/DMA/DMA.srcs/sources_1/imports/sources_1/imports/srcs/cpu.v:245]
WARNING: [VRFC 10-1315] redeclaration of ansi port BG is not allowed [/home/steven/Desktop/vivado/HW7_DMA/DMA/DMA.srcs/sources_1/imports/sources_1/imports/srcs/cpu.v:248]
WARNING: [VRFC 10-1315] redeclaration of ansi port dma_on is not allowed [/home/steven/Desktop/vivado/HW7_DMA/DMA/DMA.srcs/sources_1/imports/sources_1/imports/srcs/cpu.v:254]
WARNING: [VRFC 10-1315] redeclaration of ansi port dma_command is not allowed [/home/steven/Desktop/vivado/HW7_DMA/DMA/DMA.srcs/sources_1/imports/sources_1/imports/srcs/cpu.v:257]
WARNING: [VRFC 10-2096] empty statement in sequential block [/home/steven/Desktop/vivado/HW7_DMA/DMA/DMA.srcs/sources_1/imports/sources_1/imports/srcs/cpu.v:273]
WARNING: [VRFC 10-1315] redeclaration of ansi port ALUsrc1 is not allowed [/home/steven/Desktop/vivado/HW7_DMA/DMA/DMA.srcs/sources_1/imports/sources_1/imports/srcs/cpu.v:373]
WARNING: [VRFC 10-1315] redeclaration of ansi port PC_enable is not allowed [/home/steven/Desktop/vivado/HW7_DMA/DMA/DMA.srcs/sources_1/imports/sources_1/imports/srcs/cpu.v:374]
WARNING: [VRFC 10-1315] redeclaration of ansi port IF_inst is not allowed [/home/steven/Desktop/vivado/HW7_DMA/DMA/DMA.srcs/sources_1/imports/sources_1/imports/srcs/cpu.v:375]
WARNING: [VRFC 10-1315] redeclaration of ansi port ID_inst is not allowed [/home/steven/Desktop/vivado/HW7_DMA/DMA/DMA.srcs/sources_1/imports/sources_1/imports/srcs/cpu.v:376]
WARNING: [VRFC 10-1315] redeclaration of ansi port EX_inst is not allowed [/home/steven/Desktop/vivado/HW7_DMA/DMA/DMA.srcs/sources_1/imports/sources_1/imports/srcs/cpu.v:377]
WARNING: [VRFC 10-1315] redeclaration of ansi port ALU_out is not allowed [/home/steven/Desktop/vivado/HW7_DMA/DMA/DMA.srcs/sources_1/imports/sources_1/imports/srcs/cpu.v:378]
INFO: [VRFC 10-2458] undeclared symbol i_writeC, assumed default net type wire [/home/steven/Desktop/vivado/HW7_DMA/DMA/DMA.srcs/sources_1/imports/sources_1/imports/srcs/cpu.v:385]
INFO: [VRFC 10-2458] undeclared symbol Halt, assumed default net type wire [/home/steven/Desktop/vivado/HW7_DMA/DMA/DMA.srcs/sources_1/imports/sources_1/imports/srcs/cpu.v:411]
WARNING: [VRFC 10-756] identifier dma_command_on is used before its declaration [/home/steven/Desktop/vivado/HW7_DMA/DMA/DMA.srcs/sources_1/imports/sources_1/imports/srcs/cpu.v:259]
WARNING: [VRFC 10-756] identifier dma_command_addr is used before its declaration [/home/steven/Desktop/vivado/HW7_DMA/DMA/DMA.srcs/sources_1/imports/sources_1/imports/srcs/cpu.v:260]
WARNING: [VRFC 10-756] identifier dma_command_len is used before its declaration [/home/steven/Desktop/vivado/HW7_DMA/DMA/DMA.srcs/sources_1/imports/sources_1/imports/srcs/cpu.v:261]
INFO: [VRFC 10-2263] Analyzing Verilog file "/home/steven/Desktop/vivado/HW7_DMA/DMA/DMA.srcs/sim_1/imports/srcs/cpu_TB.v" into library xil_defaultlib
INFO: [VRFC 10-311] analyzing module cpu_TB
INFO: [VRFC 10-2458] undeclared symbol EX_isFetched, assumed default net type wire [/home/steven/Desktop/vivado/HW7_DMA/DMA/DMA.srcs/sim_1/imports/srcs/cpu_TB.v:185]
INFO: [VRFC 10-2458] undeclared symbol IDEX_enable, assumed default net type wire [/home/steven/Desktop/vivado/HW7_DMA/DMA/DMA.srcs/sim_1/imports/srcs/cpu_TB.v:186]
INFO: [VRFC 10-2263] Analyzing Verilog file "/home/steven/Desktop/vivado/HW7_DMA/DMA/DMA.sim/sim_1/behav/glbl.v" into library xil_defaultlib
INFO: [VRFC 10-311] analyzing module glbl
